HvtApp/app/build/intermediates/manifest_merge_blame_file/debug/manifest-merger-blame-debug-report.txt
1<?xml version="1.0" encoding="utf-8"?>
2<manifest xmlns:android="http://schemas.android.com/apk/res/android"
3    xmlns:dist="http://schemas.android.com/apk/distribution"
4    package="application.haveri.tourism.debug"
5    android:versionCode="1"
6    android:versionName="1.0" >
7
8    <uses-sdk
9        android:minSdkVersion="21"
9-->src\main\AndroidManifest.xml
10        android:targetSdkVersion="28" />
10-->src\main\AndroidManifest.xml
11
12    <dist:module dist:instant="true" />
12-->src\main\AndroidManifest.xml:7:5-40
12-->src\main\AndroidManifest.xml:7:18-37
13
14    <uses-permission android:name="android.permission.INTERNET" />
14-->src\main\AndroidManifest.xml:9:5-67
14-->src\main\AndroidManifest.xml:9:22-64
15    <uses-permission android:name="android.permission.ACCESS_NETWORK_STATE" />
15-->src\main\AndroidManifest.xml:10:5-79
15-->src\main\AndroidManifest.xml:10:22-76
16    <uses-permission android:name="android.permission.ACCESS_WIFI_STATE" />
16-->src\main\AndroidManifest.xml:11:5-76
16-->src\main\AndroidManifest.xml:11:22-73
17    <uses-permission android:name="android.permission.ACCESS_COARSE_LOCATION" />
17-->src\main\AndroidManifest.xml:12:5-81
17-->src\main\AndroidManifest.xml:12:22-78
18    <uses-permission android:name="android.permission.ACCESS_FINE_LOCATION" />
18-->src\main\AndroidManifest.xml:13:5-79
18-->src\main\AndroidManifest.xml:13:22-76
19
20    <uses-feature
20-->[com.google.android.gms:play-services-maps:17.0.0] AndroidManifest.xml:26:5-28:35
21        android:glEsVersion="0x00020000"
21-->[com.google.android.gms:play-services-maps:17.0.0] AndroidManifest.xml:27:9-41
22        android:required="true" />
22-->[com.google.android.gms:play-services-maps:17.0.0] AndroidManifest.xml:28:9-32
23
24    <uses-permission android:name="android.permission.WAKE_LOCK" />
24-->[com.google.android.gms:play-services-measurement:17.3.0] AndroidManifest.xml:25:5-68
24-->[com.google.android.gms:play-services-measurement:17.3.0] AndroidManifest.xml:25:22-65
25    <uses-permission android:name="com.google.android.finsky.permission.BIND_GET_INSTALL_REFERRER_SERVICE" /> <!-- Required by older versions of Google Play services to create IID tokens -->
25-->[com.google.android.gms:play-services-measurement:17.3.0] AndroidManifest.xml:26:5-110
25-->[com.google.android.gms:play-services-measurement:17.3.0] AndroidManifest.xml:26:22-107
26    <uses-permission android:name="com.google.android.c2dm.permission.RECEIVE" />
26-->[com.google.firebase:firebase-iid:20.1.5] AndroidManifest.xml:26:5-82
26-->[com.google.firebase:firebase-iid:20.1.5] AndroidManifest.xml:26:22-79
27
28    <application
28-->src\main\AndroidManifest.xml:15:5-83:19
29        android:name="application.haveri.tourism.HaveriApplication"
29-->src\main\AndroidManifest.xml:16:9-42
30        android:allowBackup="false"
30-->src\main\AndroidManifest.xml:17:9-36
31        android:appComponentFactory="androidx.core.app.CoreComponentFactory"
31-->[androidx.core:core:1.1.0] AndroidManifest.xml:24:18-86
32        android:debuggable="true"
33        android:fullBackupContent="false"
33-->src\main\AndroidManifest.xml:18:9-42
34        android:hardwareAccelerated="true"
34-->src\main\AndroidManifest.xml:19:9-43
35        android:icon="@mipmap/ic_launcher"
35-->src\main\AndroidManifest.xml:20:9-43
36        android:label="@string/app_name"
36-->src\main\AndroidManifest.xml:21:9-41
37        android:largeHeap="true"
37-->src\main\AndroidManifest.xml:22:9-33
38        android:roundIcon="@mipmap/ic_launcher_round"
38-->src\main\AndroidManifest.xml:23:9-54
39        android:supportsRtl="true"
39-->src\main\AndroidManifest.xml:24:9-35
40        android:testOnly="true"
41        android:theme="@style/AppThemeDarkPurple" >
41-->src\main\AndroidManifest.xml:25:9-50
42        <activity
42-->src\main\AndroidManifest.xml:28:9-37:20
43            android:name="application.haveri.tourism.ui.activity.splash.SplashActivity"
43-->src\main\AndroidManifest.xml:29:13-62
44            android:configChanges="orientation|keyboardHidden|screenSize"
44-->src\main\AndroidManifest.xml:31:13-74
45            android:theme="@style/FullscreenTheme" >
45-->src\main\AndroidManifest.xml:30:13-51
46            <intent-filter>
46-->src\main\AndroidManifest.xml:32:13-36:29
47                <action android:name="android.intent.action.MAIN" />
47-->src\main\AndroidManifest.xml:33:17-69
47-->src\main\AndroidManifest.xml:33:25-66
48
49                <category android:name="android.intent.category.LAUNCHER" />
49-->src\main\AndroidManifest.xml:35:17-77
49-->src\main\AndroidManifest.xml:35:27-74
50            </intent-filter>
51        </activity>
52        <activity
52-->src\main\AndroidManifest.xml:38:9-40:84
53            android:name="application.haveri.tourism.ui.activity.home.HomeActivity"
53-->src\main\AndroidManifest.xml:39:13-58
54            android:configChanges="locale|orientation|screenSize|keyboardHidden" />
54-->src\main\AndroidManifest.xml:40:13-81
55        <activity
55-->src\main\AndroidManifest.xml:41:9-43:84
56            android:name="application.haveri.tourism.ui.activity.map.MapSingleActivity"
56-->src\main\AndroidManifest.xml:42:13-62
57            android:configChanges="locale|orientation|screenSize|keyboardHidden" />
57-->src\main\AndroidManifest.xml:43:13-81
58        <activity
58-->src\main\AndroidManifest.xml:44:9-46:91
59            android:name="application.haveri.tourism.ui.activity.setting.SettingActivity"
59-->src\main\AndroidManifest.xml:45:13-64
60            android:configChanges="locale|orientation|screenSize|keyboardHidden|locale" />
60-->src\main\AndroidManifest.xml:46:13-88
61        <activity
61-->src\main\AndroidManifest.xml:47:9-49:91
62            android:name="application.haveri.tourism.ui.activity.taluk.TalukActivity"
62-->src\main\AndroidManifest.xml:48:13-60
63            android:configChanges="locale|orientation|screenSize|keyboardHidden|locale" />
63-->src\main\AndroidManifest.xml:49:13-88
64        <activity
64-->src\main\AndroidManifest.xml:50:9-52:91
65            android:name="application.haveri.tourism.ui.activity.media.image.ImageViewActivity"
65-->src\main\AndroidManifest.xml:51:13-70
66            android:configChanges="locale|orientation|screenSize|keyboardHidden|locale" />
66-->src\main\AndroidManifest.xml:52:13-88
67        <activity
67-->src\main\AndroidManifest.xml:53:9-55:91
68            android:name="application.haveri.tourism.ui.activity.event.EventDetailActivity"
68-->src\main\AndroidManifest.xml:54:13-66
69            android:configChanges="locale|orientation|screenSize|keyboardHidden|locale" />
69-->src\main\AndroidManifest.xml:55:13-88
70        <activity
70-->src\main\AndroidManifest.xml:56:9-58:91
71            android:name="application.haveri.tourism.ui.activity.media.video.VideosExploreActivity"
71-->src\main\AndroidManifest.xml:57:13-74
72            android:configChanges="locale|orientation|screenSize|keyboardHidden|locale" />
72-->src\main\AndroidManifest.xml:58:13-88
73        <activity
73-->src\main\AndroidManifest.xml:59:9-61:91
74            android:name="application.haveri.tourism.ui.activity.place.PlaceActivity"
74-->src\main\AndroidManifest.xml:60:13-60
75            android:configChanges="locale|orientation|screenSize|keyboardHidden|locale" />
75-->src\main\AndroidManifest.xml:61:13-88
76        <activity
76-->src\main\AndroidManifest.xml:62:9-66:53
77            android:name="application.haveri.tourism.ui.activity.about.AboutActivity"
77-->src\main\AndroidManifest.xml:63:13-60
78            android:configChanges="orientation|keyboardHidden|screenSize"
78-->src\main\AndroidManifest.xml:65:13-74
79            android:screenOrientation="portrait"
79-->src\main\AndroidManifest.xml:64:13-49
80            android:theme="@style/FullscreenTheme" />
80-->src\main\AndroidManifest.xml:66:13-51
81
82        <meta-data
82-->src\main\AndroidManifest.xml:68:9-70:54
83            android:name="com.google.android.gms.ads.APPLICATION_ID"
83-->src\main\AndroidManifest.xml:69:13-69
84            android:value="@string/ADD_MOB_APP_ID" />
84-->src\main\AndroidManifest.xml:70:13-51
85        <meta-data
85-->src\main\AndroidManifest.xml:71:9-73:58
86            android:name="com.google.android.geo.API_KEY"
86-->src\main\AndroidManifest.xml:72:13-58
87            android:value="@string/GOOGLE_MAP_API_KEY" />
87-->src\main\AndroidManifest.xml:73:13-55
88
89        <service
89-->src\main\AndroidManifest.xml:75:9-81:19
90            android:name="application.haveri.tourism.notifications.AppFirebaseMessagingService"
90-->src\main\AndroidManifest.xml:76:13-70
91            android:exported="false" >
91-->src\main\AndroidManifest.xml:77:13-37
92            <intent-filter>
92-->src\main\AndroidManifest.xml:78:13-80:29
93                <action android:name="com.google.firebase.MESSAGING_EVENT" />
93-->src\main\AndroidManifest.xml:79:17-77
93-->src\main\AndroidManifest.xml:79:25-75
94            </intent-filter>
95        </service>
96
97        <provider
97-->[com.amitshekhar.android:debug-db:1.0.6] AndroidManifest.xml:12:9-16:40
98            android:name="com.amitshekhar.debug.DebugDBInitProvider"
98-->[com.amitshekhar.android:debug-db:1.0.6] AndroidManifest.xml:13:13-69
99            android:authorities="application.haveri.tourism.debug.DebugDBInitProvider"
99-->[com.amitshekhar.android:debug-db:1.0.6] AndroidManifest.xml:14:13-71
100            android:enabled="true"
100-->[com.amitshekhar.android:debug-db:1.0.6] AndroidManifest.xml:15:13-35
101            android:exported="false" />
101-->[com.amitshekhar.android:debug-db:1.0.6] AndroidManifest.xml:16:13-37
102        <provider
102-->[com.amitshekhar.android:debug-db-encrypt:1.0.6] AndroidManifest.xml:12:9-16:40
103            android:name="com.amitshekhar.debug.encrypt.DebugDBEncryptInitProvider"
103-->[com.amitshekhar.android:debug-db-encrypt:1.0.6] AndroidManifest.xml:13:13-84
104            android:authorities="application.haveri.tourism.debug.DebugDBEncryptInitProvider"
104-->[com.amitshekhar.android:debug-db-encrypt:1.0.6] AndroidManifest.xml:14:13-78
105            android:enabled="true"
105-->[com.amitshekhar.android:debug-db-encrypt:1.0.6] AndroidManifest.xml:15:13-35
106            android:exported="false" />
106-->[com.amitshekhar.android:debug-db-encrypt:1.0.6] AndroidManifest.xml:16:13-37
107
108        <service
108-->[com.google.firebase:firebase-crashlytics:17.0.0-beta03] AndroidManifest.xml:13:9-19:19
109            android:name="com.google.firebase.components.ComponentDiscoveryService"
109-->[com.google.firebase:firebase-crashlytics:17.0.0-beta03] AndroidManifest.xml:14:13-84
110            android:directBootAware="true"
110-->[com.google.firebase:firebase-common:19.3.0] AndroidManifest.xml:34:13-43
111            android:exported="false" >
111-->[com.google.firebase:firebase-crashlytics:17.0.0-beta03] AndroidManifest.xml:15:13-37
112            <meta-data
112-->[com.google.firebase:firebase-crashlytics:17.0.0-beta03] AndroidManifest.xml:16:13-18:85
113                android:name="com.google.firebase.components:com.google.firebase.crashlytics.CrashlyticsRegistrar"
113-->[com.google.firebase:firebase-crashlytics:17.0.0-beta03] AndroidManifest.xml:17:17-115
114                android:value="com.google.firebase.components.ComponentRegistrar" />
114-->[com.google.firebase:firebase-crashlytics:17.0.0-beta03] AndroidManifest.xml:18:17-82
115            <meta-data
115-->[com.google.firebase:firebase-messaging:20.1.5] AndroidManifest.xml:38:13-40:85
116                android:name="com.google.firebase.components:com.google.firebase.messaging.FirebaseMessagingRegistrar"
116-->[com.google.firebase:firebase-messaging:20.1.5] AndroidManifest.xml:39:17-119
117                android:value="com.google.firebase.components.ComponentRegistrar" />
117-->[com.google.firebase:firebase-messaging:20.1.5] AndroidManifest.xml:40:17-82
118            <meta-data
118-->[com.google.firebase:firebase-datatransport:17.0.3] AndroidManifest.xml:28:13-30:85
119                android:name="com.google.firebase.components:com.google.firebase.datatransport.TransportRegistrar"
119-->[com.google.firebase:firebase-datatransport:17.0.3] AndroidManifest.xml:29:17-115
120                android:value="com.google.firebase.components.ComponentRegistrar" />
120-->[com.google.firebase:firebase-datatransport:17.0.3] AndroidManifest.xml:30:17-82
121            <meta-data
121-->[com.google.android.gms:play-services-measurement-api:17.3.0] AndroidManifest.xml:30:13-32:85
122                android:name="com.google.firebase.components:com.google.firebase.analytics.connector.internal.AnalyticsConnectorRegistrar"
122-->[com.google.android.gms:play-services-measurement-api:17.3.0] AndroidManifest.xml:31:17-139
123                android:value="com.google.firebase.components.ComponentRegistrar" />
123-->[com.google.android.gms:play-services-measurement-api:17.3.0] AndroidManifest.xml:32:17-82
124            <meta-data
124-->[com.google.firebase:firebase-iid:20.1.5] AndroidManifest.xml:32:13-34:85
125                android:name="com.google.firebase.components:com.google.firebase.iid.Registrar"
125-->[com.google.firebase:firebase-iid:20.1.5] AndroidManifest.xml:33:17-96
126                android:value="com.google.firebase.components.ComponentRegistrar" />
126-->[com.google.firebase:firebase-iid:20.1.5] AndroidManifest.xml:34:17-82
127            <meta-data
127-->[com.google.firebase:firebase-installations:16.2.1] AndroidManifest.xml:17:13-19:85
128                android:name="com.google.firebase.components:com.google.firebase.installations.FirebaseInstallationsRegistrar"
128-->[com.google.firebase:firebase-installations:16.2.1] AndroidManifest.xml:18:17-127
129                android:value="com.google.firebase.components.ComponentRegistrar" />
129-->[com.google.firebase:firebase-installations:16.2.1] AndroidManifest.xml:19:17-82
130        </service>
131        <!--
132             FirebaseMessagingService performs security checks at runtime,
133             but set to not exported to explicitly avoid allowing another app to call it.
134        -->
135        <service
135-->[com.google.firebase:firebase-messaging:20.1.5] AndroidManifest.xml:28:9-34:19
136            android:name="com.google.firebase.messaging.FirebaseMessagingService"
136-->[com.google.firebase:firebase-messaging:20.1.5] AndroidManifest.xml:29:13-82
137            android:exported="false" >
137-->[com.google.firebase:firebase-messaging:20.1.5] AndroidManifest.xml:30:13-37
138            <intent-filter android:priority="-500" >
138-->src\main\AndroidManifest.xml:78:13-80:29
139                <action android:name="com.google.firebase.MESSAGING_EVENT" />
139-->src\main\AndroidManifest.xml:79:17-77
139-->src\main\AndroidManifest.xml:79:25-75
140            </intent-filter>
141        </service>
142        <service
142-->[com.google.android.datatransport:transport-backend-cct:2.2.0] AndroidManifest.xml:29:9-35:19
143            android:name="com.google.android.datatransport.runtime.backends.TransportBackendDiscovery"
143-->[com.google.android.datatransport:transport-backend-cct:2.2.0] AndroidManifest.xml:30:13-103
144            android:exported="false" >
144-->[com.google.android.datatransport:transport-backend-cct:2.2.0] AndroidManifest.xml:31:13-37
145            <meta-data
145-->[com.google.android.datatransport:transport-backend-cct:2.2.0] AndroidManifest.xml:32:13-34:39
146                android:name="backend:com.google.android.datatransport.cct.CctBackendFactory"
146-->[com.google.android.datatransport:transport-backend-cct:2.2.0] AndroidManifest.xml:33:17-94
147                android:value="cct" />
147-->[com.google.android.datatransport:transport-backend-cct:2.2.0] AndroidManifest.xml:34:17-36
148        </service>
149        <service
149-->[com.google.android.datatransport:transport-runtime:2.2.0] AndroidManifest.xml:26:9-30:19
150            android:name="com.google.android.datatransport.runtime.scheduling.jobscheduling.JobInfoSchedulerService"
150-->[com.google.android.datatransport:transport-runtime:2.2.0] AndroidManifest.xml:27:13-117
151            android:exported="false"
151-->[com.google.android.datatransport:transport-runtime:2.2.0] AndroidManifest.xml:28:13-37
152            android:permission="android.permission.BIND_JOB_SERVICE" >
152-->[com.google.android.datatransport:transport-runtime:2.2.0] AndroidManifest.xml:29:13-69
153        </service>
154
155        <receiver
155-->[com.google.android.datatransport:transport-runtime:2.2.0] AndroidManifest.xml:32:9-34:40
156            android:name="com.google.android.datatransport.runtime.scheduling.jobscheduling.AlarmManagerSchedulerBroadcastReceiver"
156-->[com.google.android.datatransport:transport-runtime:2.2.0] AndroidManifest.xml:33:13-132
157            android:exported="false" /> <!-- Needs to be explicitly declared on P+ -->
157-->[com.google.android.datatransport:transport-runtime:2.2.0] AndroidManifest.xml:34:13-37
158        <uses-library
158-->[com.google.android.gms:play-services-maps:17.0.0] AndroidManifest.xml:33:9-35:40
159            android:name="org.apache.http.legacy"
159-->[com.google.android.gms:play-services-maps:17.0.0] AndroidManifest.xml:34:13-50
160            android:required="false" />
160-->[com.google.android.gms:play-services-maps:17.0.0] AndroidManifest.xml:35:13-37
161
162        <receiver
162-->[com.google.android.gms:play-services-measurement:17.3.0] AndroidManifest.xml:29:9-33:20
163            android:name="com.google.android.gms.measurement.AppMeasurementReceiver"
163-->[com.google.android.gms:play-services-measurement:17.3.0] AndroidManifest.xml:30:13-85
164            android:enabled="true"
164-->[com.google.android.gms:play-services-measurement:17.3.0] AndroidManifest.xml:31:13-35
165            android:exported="false" >
165-->[com.google.android.gms:play-services-measurement:17.3.0] AndroidManifest.xml:32:13-37
166        </receiver>
167        <receiver
167-->[com.google.android.gms:play-services-measurement:17.3.0] AndroidManifest.xml:34:9-42:20
168            android:name="com.google.android.gms.measurement.AppMeasurementInstallReferrerReceiver"
168-->[com.google.android.gms:play-services-measurement:17.3.0] AndroidManifest.xml:35:13-100
169            android:enabled="true"
169-->[com.google.android.gms:play-services-measurement:17.3.0] AndroidManifest.xml:36:13-35
170            android:exported="true"
170-->[com.google.android.gms:play-services-measurement:17.3.0] AndroidManifest.xml:37:13-36
171            android:permission="android.permission.INSTALL_PACKAGES" >
171-->[com.google.android.gms:play-services-measurement:17.3.0] AndroidManifest.xml:38:13-69
172            <intent-filter>
172-->[com.google.android.gms:play-services-measurement:17.3.0] AndroidManifest.xml:39:13-41:29
173                <action android:name="com.android.vending.INSTALL_REFERRER" />
173-->[com.google.android.gms:play-services-measurement:17.3.0] AndroidManifest.xml:40:17-79
173-->[com.google.android.gms:play-services-measurement:17.3.0] AndroidManifest.xml:40:25-76
174            </intent-filter>
175        </receiver>
176
177        <service
177-->[com.google.android.gms:play-services-measurement:17.3.0] AndroidManifest.xml:44:9-47:40
178            android:name="com.google.android.gms.measurement.AppMeasurementService"
178-->[com.google.android.gms:play-services-measurement:17.3.0] AndroidManifest.xml:45:13-84
179            android:enabled="true"
179-->[com.google.android.gms:play-services-measurement:17.3.0] AndroidManifest.xml:46:13-35
180            android:exported="false" />
180-->[com.google.android.gms:play-services-measurement:17.3.0] AndroidManifest.xml:47:13-37
181        <service
181-->[com.google.android.gms:play-services-measurement:17.3.0] AndroidManifest.xml:48:9-52:72
182            android:name="com.google.android.gms.measurement.AppMeasurementJobService"
182-->[com.google.android.gms:play-services-measurement:17.3.0] AndroidManifest.xml:49:13-87
183            android:enabled="true"
183-->[com.google.android.gms:play-services-measurement:17.3.0] AndroidManifest.xml:50:13-35
184            android:exported="false"
184-->[com.google.android.gms:play-services-measurement:17.3.0] AndroidManifest.xml:51:13-37
185            android:permission="android.permission.BIND_JOB_SERVICE" />
185-->[com.google.android.gms:play-services-measurement:17.3.0] AndroidManifest.xml:52:13-69
186
187        <receiver
187-->[com.google.firebase:firebase-iid:20.1.5] AndroidManifest.xml:37:9-44:20
188            android:name="com.google.firebase.iid.FirebaseInstanceIdReceiver"
188-->[com.google.firebase:firebase-iid:20.1.5] AndroidManifest.xml:38:13-78
189            android:exported="true"
189-->[com.google.firebase:firebase-iid:20.1.5] AndroidManifest.xml:39:13-36
190            android:permission="com.google.android.c2dm.permission.SEND" >
190-->[com.google.firebase:firebase-iid:20.1.5] AndroidManifest.xml:40:13-73
191            <intent-filter>
191-->[com.google.firebase:firebase-iid:20.1.5] AndroidManifest.xml:41:13-43:29
192                <action android:name="com.google.android.c2dm.intent.RECEIVE" />
192-->[com.google.firebase:firebase-iid:20.1.5] AndroidManifest.xml:42:17-81
192-->[com.google.firebase:firebase-iid:20.1.5] AndroidManifest.xml:42:25-78
193            </intent-filter>
194        </receiver>
195
196        <activity
196-->[com.google.android.gms:play-services-base:17.0.0] AndroidManifest.xml:23:9-26:75
197            android:name="com.google.android.gms.common.api.GoogleApiActivity"
197-->[com.google.android.gms:play-services-base:17.0.0] AndroidManifest.xml:24:13-79
198            android:exported="false"
198-->[com.google.android.gms:play-services-base:17.0.0] AndroidManifest.xml:25:13-37
199            android:theme="@android:style/Theme.Translucent.NoTitleBar" />
199-->[com.google.android.gms:play-services-base:17.0.0] AndroidManifest.xml:26:13-72
200
201        <provider
201-->[com.google.firebase:firebase-common:19.3.0] AndroidManifest.xml:26:9-30:39
202            android:name="com.google.firebase.provider.FirebaseInitProvider"
202-->[com.google.firebase:firebase-common:19.3.0] AndroidManifest.xml:27:13-77
203            android:authorities="application.haveri.tourism.debug.firebaseinitprovider"
203-->[com.google.firebase:firebase-common:19.3.0] AndroidManifest.xml:28:13-72
204            android:exported="false"
204-->[com.google.firebase:firebase-common:19.3.0] AndroidManifest.xml:29:13-37
205            android:initOrder="100" /> <!-- Include the AdActivity and InAppPurchaseActivity configChanges and themes. -->
205-->[com.google.firebase:firebase-common:19.3.0] AndroidManifest.xml:30:13-36
206        <activity
206-->[com.google.android.gms:play-services-ads-lite:19.0.1] AndroidManifest.xml:29:9-33:64
207            android:name="com.google.android.gms.ads.AdActivity"
207-->[com.google.android.gms:play-services-ads-lite:19.0.1] AndroidManifest.xml:30:13-65
208            android:configChanges="keyboard|keyboardHidden|orientation|screenLayout|uiMode|screenSize|smallestScreenSize"
208-->[com.google.android.gms:play-services-ads-lite:19.0.1] AndroidManifest.xml:31:13-122
209            android:exported="false"
209-->[com.google.android.gms:play-services-ads-lite:19.0.1] AndroidManifest.xml:32:13-37
210            android:theme="@android:style/Theme.Translucent" />
210-->[com.google.android.gms:play-services-ads-lite:19.0.1] AndroidManifest.xml:33:13-61
211
212        <provider
212-->[com.google.android.gms:play-services-ads-lite:19.0.1] AndroidManifest.xml:35:9-39:39
213            android:name="com.google.android.gms.ads.MobileAdsInitProvider"
213-->[com.google.android.gms:play-services-ads-lite:19.0.1] AndroidManifest.xml:36:13-76
214            android:authorities="application.haveri.tourism.debug.mobileadsinitprovider"
214-->[com.google.android.gms:play-services-ads-lite:19.0.1] AndroidManifest.xml:37:13-73
215            android:exported="false"
215-->[com.google.android.gms:play-services-ads-lite:19.0.1] AndroidManifest.xml:38:13-37
216            android:initOrder="100" />
216-->[com.google.android.gms:play-services-ads-lite:19.0.1] AndroidManifest.xml:39:13-36
217
218        <meta-data
218-->[com.google.android.gms:play-services-basement:17.0.0] AndroidManifest.xml:23:9-25:69
219            android:name="com.google.android.gms.version"
219-->[com.google.android.gms:play-services-basement:17.0.0] AndroidManifest.xml:24:13-58
220            android:value="@integer/google_play_services_version" />
220-->[com.google.android.gms:play-services-basement:17.0.0] AndroidManifest.xml:25:13-66
221
222        <provider
222-->[androidx.lifecycle:lifecycle-process:2.2.0] AndroidManifest.xml:25:9-29:43
223            android:name="androidx.lifecycle.ProcessLifecycleOwnerInitializer"
223-->[androidx.lifecycle:lifecycle-process:2.2.0] AndroidManifest.xml:26:13-79
224            android:authorities="application.haveri.tourism.debug.lifecycle-process"
224-->[androidx.lifecycle:lifecycle-process:2.2.0] AndroidManifest.xml:27:13-69
225            android:exported="false"
225-->[androidx.lifecycle:lifecycle-process:2.2.0] AndroidManifest.xml:28:13-37
226            android:multiprocess="true" />
226-->[androidx.lifecycle:lifecycle-process:2.2.0] AndroidManifest.xml:29:13-40
227
228        <service
228-->[androidx.room:room-runtime:2.2.5] AndroidManifest.xml:25:9-28:40
229            android:name="androidx.room.MultiInstanceInvalidationService"
229-->[androidx.room:room-runtime:2.2.5] AndroidManifest.xml:26:13-74
230            android:directBootAware="true"
230-->[androidx.room:room-runtime:2.2.5] AndroidManifest.xml:27:13-43
231            android:exported="false" />
231-->[androidx.room:room-runtime:2.2.5] AndroidManifest.xml:28:13-37
232    </application>
233
234</manifest>